# JRE version: OpenJDK Runtime Environment (21.0.9) (build 21.0.9+-14787801-b1163.94)
# Java VM: OpenJDK 64-Bit Server VM (21.0.9+-14787801-b1163.94, mixed mode, tiered, compressed oops, compressed class ptrs, g1 gc, windows-amd64)
GC Precious Log:
 CardTable entry size: 512
 Card Set container configuration: InlinePtr #cards 5 size 8 Array Of Cards #cards 12 size 40 Howl #buckets 4 coarsen threshold 1843 Howl Bitmap #cards 512 size 80 coarsen threshold 460 Card regions per heap region 1 cards per card region 2048
 CPUs: 4 total, 4 available
 Memory: 7656M
 Large Page Support: Disabled
 NUMA Support: Disabled
 Compressed Oops: Enabled (32-bit)
 Heap Region Size: 1M
 Heap Min Capacity: 8M
 Heap Initial Capacity: 120M
 Heap Max Capacity: 2G
 Pre-touch: Disabled
 Parallel Workers: 4
 Concurrent Workers: 1
 Concurrent Refinement Workers: 4
 Periodic GC: Disabled
Heap:
 garbage-first heap   total 244736K, used 154002K [0x0000000080000000, 0x0000000100000000)
  region size 1024K, 18 young (18432K), 9 survivors (9216K)
 Metaspace       used 130616K, committed 132480K, reserved 1179648K
  class space    used 17156K, committed 18048K, reserved 1048576K
GC Heap History (20 events):
Event: 36.701 GC heap before
{Heap before GC invocations=27 (full 0):
 garbage-first heap   total 148480K, used 128526K [0x0000000080000000, 0x0000000100000000)
  region size 1024K, 38 young (38912K), 2 survivors (2048K)
 Metaspace       used 84215K, committed 85952K, reserved 1179648K
  class space    used 11844K, committed 12672K, reserved 1048576K
}
Event: 36.715 GC heap after
{Heap after GC invocations=28 (full 0):
 garbage-first heap   total 178176K, used 93997K [0x0000000080000000, 0x0000000100000000)
  region size 1024K, 4 young (4096K), 4 survivors (4096K)
 Metaspace       used 84215K, committed 85952K, reserved 1179648K
  class space    used 11844K, committed 12672K, reserved 1048576K
}
Event: 39.827 GC heap before
{Heap before GC invocations=28 (full 0):
 garbage-first heap   total 178176K, used 146221K [0x0000000080000000, 0x0000000100000000)
  region size 1024K, 56 young (57344K), 4 survivors (4096K)
 Metaspace       used 90442K, committed 92160K, reserved 1179648K
  class space    used 12444K, committed 13248K, reserved 1048576K
}
Event: 39.842 GC heap after
{Heap after GC invocations=29 (full 0):
 garbage-first heap   total 178176K, used 97023K [0x0000000080000000, 0x0000000100000000)
  region size 1024K, 7 young (7168K), 7 survivors (7168K)
 Metaspace       used 90442K, committed 92160K, reserved 1179648K
  class space    used 12444K, committed 13248K, reserved 1048576K
}
Event: 44.287 GC heap before
{Heap before GC invocations=29 (full 0):
 garbage-first heap   total 178176K, used 150271K [0x0000000080000000, 0x0000000100000000)
  region size 1024K, 60 young (61440K), 7 survivors (7168K)
 Metaspace       used 96980K, committed 98816K, reserved 1179648K
  class space    used 13132K, committed 14016K, reserved 1048576K
}
Event: 44.317 GC heap after
{Heap after GC invocations=30 (full 0):
 garbage-first heap   total 178176K, used 101623K [0x0000000080000000, 0x0000000100000000)
  region size 1024K, 8 young (8192K), 8 survivors (8192K)
 Metaspace       used 96980K, committed 98816K, reserved 1179648K
  class space    used 13132K, committed 14016K, reserved 1048576K
}
Event: 47.691 GC heap before
{Heap before GC invocations=30 (full 0):
 garbage-first heap   total 178176K, used 154871K [0x0000000080000000, 0x0000000100000000)
  region size 1024K, 60 young (61440K), 8 survivors (8192K)
 Metaspace       used 103215K, committed 105024K, reserved 1179648K
  class space    used 13910K, committed 14784K, reserved 1048576K
}
Event: 47.716 GC heap after
{Heap after GC invocations=31 (full 0):
 garbage-first heap   total 178176K, used 105719K [0x0000000080000000, 0x0000000100000000)
  region size 1024K, 8 young (8192K), 8 survivors (8192K)
 Metaspace       used 103215K, committed 105024K, reserved 1179648K
  class space    used 13910K, committed 14784K, reserved 1048576K
}
Event: 51.325 GC heap before
{Heap before GC invocations=32 (full 0):
 garbage-first heap   total 178176K, used 158967K [0x0000000080000000, 0x0000000100000000)
  region size 1024K, 59 young (60416K), 8 survivors (8192K)
 Metaspace       used 105475K, committed 107264K, reserved 1179648K
  class space    used 14184K, committed 15040K, reserved 1048576K
}
Event: 51.362 GC heap after
{Heap after GC invocations=33 (full 0):
 garbage-first heap   total 180224K, used 119715K [0x0000000080000000, 0x0000000100000000)
  region size 1024K, 8 young (8192K), 8 survivors (8192K)
 Metaspace       used 105475K, committed 107264K, reserved 1179648K
  class space    used 14184K, committed 15040K, reserved 1048576K
}
Event: 53.453 GC heap before
{Heap before GC invocations=33 (full 0):
 garbage-first heap   total 180224K, used 160675K [0x0000000080000000, 0x0000000100000000)
  region size 1024K, 48 young (49152K), 8 survivors (8192K)
 Metaspace       used 110619K, committed 112448K, reserved 1179648K
  class space    used 14677K, committed 15552K, reserved 1048576K
}
Event: 53.479 GC heap after
{Heap after GC invocations=34 (full 0):
 garbage-first heap   total 180224K, used 124182K [0x0000000080000000, 0x0000000100000000)
  region size 1024K, 4 young (4096K), 4 survivors (4096K)
 Metaspace       used 110619K, committed 112448K, reserved 1179648K
  class space    used 14677K, committed 15552K, reserved 1048576K
}
Event: 56.574 GC heap before
{Heap before GC invocations=34 (full 0):
 garbage-first heap   total 180224K, used 163094K [0x0000000080000000, 0x0000000100000000)
  region size 1024K, 42 young (43008K), 4 survivors (4096K)
 Metaspace       used 115152K, committed 116928K, reserved 1179648K
  class space    used 15135K, committed 16000K, reserved 1048576K
}
Event: 56.594 GC heap after
{Heap after GC invocations=35 (full 0):
 garbage-first heap   total 180224K, used 126976K [0x0000000080000000, 0x0000000100000000)
  region size 1024K, 6 young (6144K), 6 survivors (6144K)
 Metaspace       used 115152K, committed 116928K, reserved 1179648K
  class space    used 15135K, committed 16000K, reserved 1048576K
}
Event: 59.385 GC heap before
{Heap before GC invocations=36 (full 0):
 garbage-first heap   total 211968K, used 165888K [0x0000000080000000, 0x0000000100000000)
  region size 1024K, 44 young (45056K), 6 survivors (6144K)
 Metaspace       used 120011K, committed 121792K, reserved 1179648K
  class space    used 15791K, committed 16640K, reserved 1048576K
}
Event: 59.407 GC heap after
{Heap after GC invocations=37 (full 0):
 garbage-first heap   total 211968K, used 129808K [0x0000000080000000, 0x0000000100000000)
  region size 1024K, 6 young (6144K), 6 survivors (6144K)
 Metaspace       used 120011K, committed 121792K, reserved 1179648K
  class space    used 15791K, committed 16640K, reserved 1048576K
}
Event: 63.240 GC heap before
{Heap before GC invocations=37 (full 0):
 garbage-first heap   total 211968K, used 190224K [0x0000000080000000, 0x0000000100000000)
  region size 1024K, 65 young (66560K), 6 survivors (6144K)
 Metaspace       used 127597K, committed 129472K, reserved 1179648K
  class space    used 16749K, committed 17664K, reserved 1048576K
}
Event: 63.262 GC heap after
{Heap after GC invocations=38 (full 0):
 garbage-first heap   total 211968K, used 130560K [0x0000000080000000, 0x0000000100000000)
  region size 1024K, 5 young (5120K), 5 survivors (5120K)
 Metaspace       used 127597K, committed 129472K, reserved 1179648K
  class space    used 16749K, committed 17664K, reserved 1048576K
}
Event: 65.322 GC heap before
{Heap before GC invocations=38 (full 0):
 garbage-first heap   total 211968K, used 193024K [0x0000000080000000, 0x0000000100000000)
  region size 1024K, 66 young (67584K), 5 survivors (5120K)
 Metaspace       used 130579K, committed 132480K, reserved 1179648K
  class space    used 17156K, committed 18048K, reserved 1048576K
}
Event: 65.366 GC heap after
{Heap after GC invocations=39 (full 0):
 garbage-first heap   total 214016K, used 145810K [0x0000000080000000, 0x0000000100000000)
  region size 1024K, 9 young (9216K), 9 survivors (9216K)
 Metaspace       used 130579K, committed 132480K, reserved 1179648K
  class space    used 17156K, committed 18048K, reserved 1048576K
}

