# JRE version: OpenJDK Runtime Environment (21.0.9) (build 21.0.9+-14787801-b1163.94)
# Java VM: OpenJDK 64-Bit Server VM (21.0.9+-14787801-b1163.94, mixed mode, tiered, compressed oops, compressed class ptrs, g1 gc, windows-amd64)
GC Precious Log:
 CardTable entry size: 512
 Card Set container configuration: InlinePtr #cards 5 size 8 Array Of Cards #cards 12 size 40 Howl #buckets 4 coarsen threshold 1843 Howl Bitmap #cards 512 size 80 coarsen threshold 460 Card regions per heap region 1 cards per card region 2048
 CPUs: 4 total, 4 available
 Memory: 7656M
 Large Page Support: Disabled
 NUMA Support: Disabled
 Compressed Oops: Enabled (32-bit)
 Heap Region Size: 1M
 Heap Min Capacity: 8M
 Heap Initial Capacity: 120M
 Heap Max Capacity: 2G
 Pre-touch: Disabled
 Parallel Workers: 4
 Concurrent Workers: 1
 Concurrent Refinement Workers: 4
 Periodic GC: Disabled
Heap:
 garbage-first heap   total 310272K, used 218112K [0x0000000080000000, 0x0000000100000000)
  region size 1024K, 73 young (74752K), 7 survivors (7168K)
 Metaspace       used 142666K, committed 145152K, reserved 1179648K
  class space    used 19959K, committed 21184K, reserved 1048576K
GC Heap History (20 events):
Event: 55.700 GC heap before
{Heap before GC invocations=41 (full 0):
 garbage-first heap   total 230400K, used 211573K [0x0000000080000000, 0x0000000100000000)
  region size 1024K, 98 young (100352K), 9 survivors (9216K)
 Metaspace       used 121359K, committed 123712K, reserved 1179648K
  class space    used 16962K, committed 18112K, reserved 1048576K
}
Event: 55.720 GC heap after
{Heap after GC invocations=42 (full 0):
 garbage-first heap   total 230400K, used 122260K [0x0000000080000000, 0x0000000100000000)
  region size 1024K, 6 young (6144K), 6 survivors (6144K)
 Metaspace       used 121359K, committed 123712K, reserved 1179648K
  class space    used 16962K, committed 18112K, reserved 1048576K
}
Event: 56.661 GC heap before
{Heap before GC invocations=43 (full 0):
 garbage-first heap   total 230400K, used 215444K [0x0000000080000000, 0x0000000100000000)
  region size 1024K, 97 young (99328K), 6 survivors (6144K)
 Metaspace       used 121359K, committed 123712K, reserved 1179648K
  class space    used 16962K, committed 18112K, reserved 1048576K
}
Event: 56.680 GC heap after
{Heap after GC invocations=44 (full 0):
 garbage-first heap   total 230400K, used 122560K [0x0000000080000000, 0x0000000100000000)
  region size 1024K, 7 young (7168K), 7 survivors (7168K)
 Metaspace       used 121359K, committed 123712K, reserved 1179648K
  class space    used 16962K, committed 18112K, reserved 1048576K
}
Event: 57.530 GC heap before
{Heap before GC invocations=44 (full 0):
 garbage-first heap   total 230400K, used 215744K [0x0000000080000000, 0x0000000100000000)
  region size 1024K, 99 young (101376K), 7 survivors (7168K)
 Metaspace       used 122149K, committed 124544K, reserved 1179648K
  class space    used 17074K, committed 18240K, reserved 1048576K
}
Event: 57.550 GC heap after
{Heap after GC invocations=45 (full 0):
 garbage-first heap   total 230400K, used 125029K [0x0000000080000000, 0x0000000100000000)
  region size 1024K, 10 young (10240K), 10 survivors (10240K)
 Metaspace       used 122149K, committed 124544K, reserved 1179648K
  class space    used 17074K, committed 18240K, reserved 1048576K
}
Event: 60.566 GC heap before
{Heap before GC invocations=45 (full 0):
 garbage-first heap   total 230400K, used 216165K [0x0000000080000000, 0x0000000100000000)
  region size 1024K, 100 young (102400K), 10 survivors (10240K)
 Metaspace       used 128294K, committed 130752K, reserved 1179648K
  class space    used 17930K, committed 19136K, reserved 1048576K
}
Event: 60.608 GC heap after
{Heap after GC invocations=46 (full 0):
 garbage-first heap   total 236544K, used 133793K [0x0000000080000000, 0x0000000100000000)
  region size 1024K, 13 young (13312K), 13 survivors (13312K)
 Metaspace       used 128294K, committed 130752K, reserved 1179648K
  class space    used 17930K, committed 19136K, reserved 1048576K
}
Event: 63.847 GC heap before
{Heap before GC invocations=47 (full 0):
 garbage-first heap   total 236544K, used 218785K [0x0000000080000000, 0x0000000100000000)
  region size 1024K, 97 young (99328K), 13 survivors (13312K)
 Metaspace       used 133140K, committed 135552K, reserved 1179648K
  class space    used 18654K, committed 19776K, reserved 1048576K
}
Event: 63.927 GC heap after
{Heap after GC invocations=48 (full 0):
 garbage-first heap   total 245760K, used 145271K [0x0000000080000000, 0x0000000100000000)
  region size 1024K, 11 young (11264K), 11 survivors (11264K)
 Metaspace       used 133140K, committed 135552K, reserved 1179648K
  class space    used 18654K, committed 19776K, reserved 1048576K
}
Event: 67.865 GC heap before
{Heap before GC invocations=48 (full 0):
 garbage-first heap   total 245760K, used 224119K [0x0000000080000000, 0x0000000100000000)
  region size 1024K, 89 young (91136K), 11 survivors (11264K)
 Metaspace       used 138467K, committed 140928K, reserved 1179648K
  class space    used 19414K, committed 20608K, reserved 1048576K
}
Event: 67.921 GC heap after
{Heap after GC invocations=49 (full 0):
 garbage-first heap   total 310272K, used 148480K [0x0000000080000000, 0x0000000100000000)
  region size 1024K, 4 young (4096K), 4 survivors (4096K)
 Metaspace       used 138467K, committed 140928K, reserved 1179648K
  class space    used 19414K, committed 20608K, reserved 1048576K
}
Event: 73.909 GC heap before
{Heap before GC invocations=49 (full 0):
 garbage-first heap   total 310272K, used 280576K [0x0000000080000000, 0x0000000100000000)
  region size 1024K, 133 young (136192K), 4 survivors (4096K)
 Metaspace       used 139856K, committed 142272K, reserved 1179648K
  class space    used 19546K, committed 20736K, reserved 1048576K
}
Event: 73.927 GC heap after
{Heap after GC invocations=50 (full 0):
 garbage-first heap   total 310272K, used 148999K [0x0000000080000000, 0x0000000100000000)
  region size 1024K, 5 young (5120K), 5 survivors (5120K)
 Metaspace       used 139856K, committed 142272K, reserved 1179648K
  class space    used 19546K, committed 20736K, reserved 1048576K
}
Event: 78.697 GC heap before
{Heap before GC invocations=50 (full 0):
 garbage-first heap   total 310272K, used 290311K [0x0000000080000000, 0x0000000100000000)
  region size 1024K, 143 young (146432K), 5 survivors (5120K)
 Metaspace       used 142445K, committed 144896K, reserved 1179648K
  class space    used 19939K, committed 21120K, reserved 1048576K
}
Event: 78.720 GC heap after
{Heap after GC invocations=51 (full 0):
 garbage-first heap   total 310272K, used 150166K [0x0000000080000000, 0x0000000100000000)
  region size 1024K, 6 young (6144K), 6 survivors (6144K)
 Metaspace       used 142445K, committed 144896K, reserved 1179648K
  class space    used 19939K, committed 21120K, reserved 1048576K
}
Event: 85.034 GC heap before
{Heap before GC invocations=51 (full 0):
 garbage-first heap   total 310272K, used 293526K [0x0000000080000000, 0x0000000100000000)
  region size 1024K, 146 young (149504K), 6 survivors (6144K)
 Metaspace       used 142536K, committed 145024K, reserved 1179648K
  class space    used 19944K, committed 21120K, reserved 1048576K
}
Event: 85.056 GC heap after
{Heap after GC invocations=52 (full 0):
 garbage-first heap   total 310272K, used 150528K [0x0000000080000000, 0x0000000100000000)
  region size 1024K, 6 young (6144K), 6 survivors (6144K)
 Metaspace       used 142536K, committed 145024K, reserved 1179648K
  class space    used 19944K, committed 21120K, reserved 1048576K
}
Event: 93.909 GC heap before
{Heap before GC invocations=53 (full 0):
 garbage-first heap   total 310272K, used 293888K [0x0000000080000000, 0x0000000100000000)
  region size 1024K, 146 young (149504K), 6 survivors (6144K)
 Metaspace       used 142599K, committed 145088K, reserved 1179648K
  class space    used 19949K, committed 21184K, reserved 1048576K
}
Event: 93.957 GC heap after
{Heap after GC invocations=54 (full 0):
 garbage-first heap   total 310272K, used 151552K [0x0000000080000000, 0x0000000100000000)
  region size 1024K, 7 young (7168K), 7 survivors (7168K)
 Metaspace       used 142599K, committed 145088K, reserved 1179648K
  class space    used 19949K, committed 21184K, reserved 1048576K
}

