# JRE version: OpenJDK Runtime Environment (21.0.9) (build 21.0.9+-14787801-b1163.94)
# Java VM: OpenJDK 64-Bit Server VM (21.0.9+-14787801-b1163.94, mixed mode, tiered, compressed oops, compressed class ptrs, g1 gc, windows-amd64)
GC Precious Log:
 CardTable entry size: 512
 Card Set container configuration: InlinePtr #cards 5 size 8 Array Of Cards #cards 12 size 40 Howl #buckets 4 coarsen threshold 1843 Howl Bitmap #cards 512 size 80 coarsen threshold 460 Card regions per heap region 1 cards per card region 2048
 CPUs: 4 total, 4 available
 Memory: 7656M
 Large Page Support: Disabled
 NUMA Support: Disabled
 Compressed Oops: Enabled (32-bit)
 Heap Region Size: 1M
 Heap Min Capacity: 8M
 Heap Initial Capacity: 120M
 Heap Max Capacity: 2G
 Pre-touch: Disabled
 Parallel Workers: 4
 Concurrent Workers: 1
 Concurrent Refinement Workers: 4
 Periodic GC: Disabled
Heap:
 garbage-first heap   total 150528K, used 82040K [0x0000000080000000, 0x0000000100000000)
  region size 1024K, 5 young (5120K), 5 survivors (5120K)
 Metaspace       used 73744K, committed 75712K, reserved 1114112K
  class space    used 10497K, committed 11456K, reserved 1048576K
GC Heap History (20 events):
Event: 23.720 GC heap after
{Heap after GC invocations=20 (full 0):
 garbage-first heap   total 120832K, used 72004K [0x0000000080000000, 0x0000000100000000)
  region size 1024K, 3 young (3072K), 3 survivors (3072K)
 Metaspace       used 66136K, committed 68032K, reserved 1114112K
  class space    used 9407K, committed 10304K, reserved 1048576K
}
Event: 25.159 GC heap before
{Heap before GC invocations=20 (full 0):
 garbage-first heap   total 120832K, used 110916K [0x0000000080000000, 0x0000000100000000)
  region size 1024K, 41 young (41984K), 3 survivors (3072K)
 Metaspace       used 71040K, committed 72960K, reserved 1114112K
  class space    used 10171K, committed 11072K, reserved 1048576K
}
Event: 25.171 GC heap after
{Heap after GC invocations=21 (full 0):
 garbage-first heap   total 120832K, used 73586K [0x0000000080000000, 0x0000000100000000)
  region size 1024K, 5 young (5120K), 5 survivors (5120K)
 Metaspace       used 71040K, committed 72960K, reserved 1114112K
  class space    used 10171K, committed 11072K, reserved 1048576K
}
Event: 26.795 GC heap before
{Heap before GC invocations=22 (full 0):
 garbage-first heap   total 124928K, used 111474K [0x0000000080000000, 0x0000000100000000)
  region size 1024K, 42 young (43008K), 5 survivors (5120K)
 Metaspace       used 73219K, committed 75136K, reserved 1114112K
  class space    used 10495K, committed 11456K, reserved 1048576K
}
Event: 26.815 GC heap after
{Heap after GC invocations=23 (full 0):
 garbage-first heap   total 124928K, used 77538K [0x0000000080000000, 0x0000000100000000)
  region size 1024K, 6 young (6144K), 6 survivors (6144K)
 Metaspace       used 73219K, committed 75136K, reserved 1114112K
  class space    used 10495K, committed 11456K, reserved 1048576K
}
Event: 27.303 GC heap before
{Heap before GC invocations=23 (full 0):
 garbage-first heap   total 124928K, used 114402K [0x0000000080000000, 0x0000000100000000)
  region size 1024K, 43 young (44032K), 6 survivors (6144K)
 Metaspace       used 73372K, committed 75328K, reserved 1114112K
  class space    used 10495K, committed 11456K, reserved 1048576K
}
Event: 27.321 GC heap after
{Heap after GC invocations=24 (full 0):
 garbage-first heap   total 124928K, used 78317K [0x0000000080000000, 0x0000000100000000)
  region size 1024K, 2 young (2048K), 2 survivors (2048K)
 Metaspace       used 73372K, committed 75328K, reserved 1114112K
  class space    used 10495K, committed 11456K, reserved 1048576K
}
Event: 27.962 GC heap before
{Heap before GC invocations=24 (full 0):
 garbage-first heap   total 124928K, used 115181K [0x0000000080000000, 0x0000000100000000)
  region size 1024K, 39 young (39936K), 2 survivors (2048K)
 Metaspace       used 73617K, committed 75584K, reserved 1114112K
  class space    used 10495K, committed 11456K, reserved 1048576K
}
Event: 27.969 GC heap after
{Heap after GC invocations=25 (full 0):
 garbage-first heap   total 150528K, used 78654K [0x0000000080000000, 0x0000000100000000)
  region size 1024K, 2 young (2048K), 2 survivors (2048K)
 Metaspace       used 73617K, committed 75584K, reserved 1114112K
  class space    used 10495K, committed 11456K, reserved 1048576K
}
Event: 28.600 GC heap before
{Heap before GC invocations=26 (full 0):
 garbage-first heap   total 150528K, used 140094K [0x0000000080000000, 0x0000000100000000)
  region size 1024K, 63 young (64512K), 2 survivors (2048K)
 Metaspace       used 73688K, committed 75648K, reserved 1114112K
  class space    used 10495K, committed 11456K, reserved 1048576K
}
Event: 28.608 GC heap after
{Heap after GC invocations=27 (full 0):
 garbage-first heap   total 150528K, used 79491K [0x0000000080000000, 0x0000000100000000)
  region size 1024K, 3 young (3072K), 3 survivors (3072K)
 Metaspace       used 73688K, committed 75648K, reserved 1114112K
  class space    used 10495K, committed 11456K, reserved 1048576K
}
Event: 28.928 GC heap before
{Heap before GC invocations=27 (full 0):
 garbage-first heap   total 150528K, used 140931K [0x0000000080000000, 0x0000000100000000)
  region size 1024K, 64 young (65536K), 3 survivors (3072K)
 Metaspace       used 73709K, committed 75648K, reserved 1114112K
  class space    used 10496K, committed 11456K, reserved 1048576K
}
Event: 28.939 GC heap after
{Heap after GC invocations=28 (full 0):
 garbage-first heap   total 150528K, used 80215K [0x0000000080000000, 0x0000000100000000)
  region size 1024K, 4 young (4096K), 4 survivors (4096K)
 Metaspace       used 73709K, committed 75648K, reserved 1114112K
  class space    used 10496K, committed 11456K, reserved 1048576K
}
Event: 29.263 GC heap before
{Heap before GC invocations=28 (full 0):
 garbage-first heap   total 150528K, used 140631K [0x0000000080000000, 0x0000000100000000)
  region size 1024K, 64 young (65536K), 4 survivors (4096K)
 Metaspace       used 73738K, committed 75712K, reserved 1114112K
  class space    used 10497K, committed 11456K, reserved 1048576K
}
Event: 29.272 GC heap after
{Heap after GC invocations=29 (full 0):
 garbage-first heap   total 150528K, used 80523K [0x0000000080000000, 0x0000000100000000)
  region size 1024K, 4 young (4096K), 4 survivors (4096K)
 Metaspace       used 73738K, committed 75712K, reserved 1114112K
  class space    used 10497K, committed 11456K, reserved 1048576K
}
Event: 29.642 GC heap before
{Heap before GC invocations=30 (full 0):
 garbage-first heap   total 150528K, used 141963K [0x0000000080000000, 0x0000000100000000)
  region size 1024K, 64 young (65536K), 4 survivors (4096K)
 Metaspace       used 73739K, committed 75712K, reserved 1114112K
  class space    used 10497K, committed 11456K, reserved 1048576K
}
Event: 29.651 GC heap after
{Heap after GC invocations=31 (full 0):
 garbage-first heap   total 150528K, used 81181K [0x0000000080000000, 0x0000000100000000)
  region size 1024K, 5 young (5120K), 5 survivors (5120K)
 Metaspace       used 73739K, committed 75712K, reserved 1114112K
  class space    used 10497K, committed 11456K, reserved 1048576K
}
Event: 29.975 GC heap before
{Heap before GC invocations=31 (full 0):
 garbage-first heap   total 150528K, used 140573K [0x0000000080000000, 0x0000000100000000)
  region size 1024K, 64 young (65536K), 5 survivors (5120K)
 Metaspace       used 73739K, committed 75712K, reserved 1114112K
  class space    used 10497K, committed 11456K, reserved 1048576K
}
Event: 29.988 GC heap after
{Heap after GC invocations=32 (full 0):
 garbage-first heap   total 150528K, used 81672K [0x0000000080000000, 0x0000000100000000)
  region size 1024K, 5 young (5120K), 5 survivors (5120K)
 Metaspace       used 73739K, committed 75712K, reserved 1114112K
  class space    used 10497K, committed 11456K, reserved 1048576K
}
Event: 30.267 GC heap before
{Heap before GC invocations=32 (full 0):
 garbage-first heap   total 150528K, used 140040K [0x0000000080000000, 0x0000000100000000)
  region size 1024K, 63 young (64512K), 5 survivors (5120K)
 Metaspace       used 73744K, committed 75712K, reserved 1114112K
  class space    used 10497K, committed 11456K, reserved 1048576K
}

