# JRE version: OpenJDK Runtime Environment (21.0.9) (build 21.0.9+-14787801-b1163.94)
# Java VM: OpenJDK 64-Bit Server VM (21.0.9+-14787801-b1163.94, mixed mode, tiered, compressed oops, compressed class ptrs, g1 gc, windows-amd64)
GC Precious Log:
 CardTable entry size: 512
 Card Set container configuration: InlinePtr #cards 5 size 8 Array Of Cards #cards 12 size 40 Howl #buckets 4 coarsen threshold 1843 Howl Bitmap #cards 512 size 80 coarsen threshold 460 Card regions per heap region 1 cards per card region 2048
 CPUs: 4 total, 4 available
 Memory: 7656M
 Large Page Support: Disabled
 NUMA Support: Disabled
 Compressed Oops: Enabled (32-bit)
 Heap Region Size: 1M
 Heap Min Capacity: 8M
 Heap Initial Capacity: 120M
 Heap Max Capacity: 2G
 Pre-touch: Disabled
 Parallel Workers: 4
 Concurrent Workers: 1
 Concurrent Refinement Workers: 4
 Periodic GC: Disabled
Heap:
 garbage-first heap   total 408576K, used 280832K [0x0000000080000000, 0x0000000100000000)
  region size 1024K, 8 young (8192K), 8 survivors (8192K)
 Metaspace       used 148296K, committed 150848K, reserved 1179648K
  class space    used 20561K, committed 21824K, reserved 1048576K
GC Heap History (20 events):
Event: 106.932 GC heap after
{Heap after GC invocations=54 (full 0):
 garbage-first heap   total 315392K, used 144631K [0x0000000080000000, 0x0000000100000000)
  region size 1024K, 5 young (5120K), 5 survivors (5120K)
 Metaspace       used 140087K, committed 142592K, reserved 1179648K
  class space    used 19531K, committed 20736K, reserved 1048576K
}
Event: 111.985 GC heap before
{Heap before GC invocations=54 (full 0):
 garbage-first heap   total 315392K, used 294135K [0x0000000080000000, 0x0000000100000000)
  region size 1024K, 152 young (155648K), 5 survivors (5120K)
 Metaspace       used 142482K, committed 145024K, reserved 1179648K
  class space    used 19878K, committed 21120K, reserved 1048576K
}
Event: 112.012 GC heap after
{Heap after GC invocations=55 (full 0):
 garbage-first heap   total 315392K, used 150639K [0x0000000080000000, 0x0000000100000000)
  region size 1024K, 11 young (11264K), 11 survivors (11264K)
 Metaspace       used 142482K, committed 145024K, reserved 1179648K
  class space    used 19878K, committed 21120K, reserved 1048576K
}
Event: 114.689 GC heap before
{Heap before GC invocations=56 (full 0):
 garbage-first heap   total 315392K, used 300143K [0x0000000080000000, 0x0000000100000000)
  region size 1024K, 155 young (158720K), 11 survivors (11264K)
 Metaspace       used 142869K, committed 145408K, reserved 1179648K
  class space    used 19941K, committed 21184K, reserved 1048576K
}
Event: 114.712 GC heap after
{Heap after GC invocations=57 (full 0):
 garbage-first heap   total 315392K, used 147372K [0x0000000080000000, 0x0000000100000000)
  region size 1024K, 7 young (7168K), 7 survivors (7168K)
 Metaspace       used 142869K, committed 145408K, reserved 1179648K
  class space    used 19941K, committed 21184K, reserved 1048576K
}
Event: 117.644 GC heap before
{Heap before GC invocations=57 (full 0):
 garbage-first heap   total 315392K, used 298924K [0x0000000080000000, 0x0000000100000000)
  region size 1024K, 155 young (158720K), 7 survivors (7168K)
 Metaspace       used 143171K, committed 145664K, reserved 1179648K
  class space    used 19979K, committed 21248K, reserved 1048576K
}
Event: 117.660 GC heap after
{Heap after GC invocations=58 (full 0):
 garbage-first heap   total 315392K, used 141235K [0x0000000080000000, 0x0000000100000000)
  region size 1024K, 4 young (4096K), 4 survivors (4096K)
 Metaspace       used 143171K, committed 145664K, reserved 1179648K
  class space    used 19979K, committed 21248K, reserved 1048576K
}
Event: 117.725 GC heap before
{Heap before GC invocations=58 (full 0):
 garbage-first heap   total 315392K, used 153523K [0x0000000080000000, 0x0000000100000000)
  region size 1024K, 17 young (17408K), 4 survivors (4096K)
 Metaspace       used 143212K, committed 145728K, reserved 1179648K
  class space    used 19983K, committed 21248K, reserved 1048576K
}
Event: 117.739 GC heap after
{Heap after GC invocations=59 (full 0):
 garbage-first heap   total 315392K, used 141291K [0x0000000080000000, 0x0000000100000000)
  region size 1024K, 4 young (4096K), 4 survivors (4096K)
 Metaspace       used 143212K, committed 145728K, reserved 1179648K
  class space    used 19983K, committed 21248K, reserved 1048576K
}
Event: 119.947 GC heap before
{Heap before GC invocations=60 (full 0):
 garbage-first heap   total 315392K, used 314347K [0x0000000080000000, 0x0000000100000000)
  region size 1024K, 123 young (125952K), 4 survivors (4096K)
 Metaspace       used 144269K, committed 146816K, reserved 1179648K
  class space    used 20133K, committed 21376K, reserved 1048576K
}
Event: 120.022 GC heap after
{Heap after GC invocations=61 (full 0):
 garbage-first heap   total 343040K, used 195054K [0x0000000080000000, 0x0000000100000000)
  region size 1024K, 20 young (20480K), 20 survivors (20480K)
 Metaspace       used 144269K, committed 146816K, reserved 1179648K
  class space    used 20133K, committed 21376K, reserved 1048576K
}
Event: 121.648 GC heap before
{Heap before GC invocations=61 (full 0):
 garbage-first heap   total 343040K, used 311790K [0x0000000080000000, 0x0000000100000000)
  region size 1024K, 135 young (138240K), 20 survivors (20480K)
 Metaspace       used 145131K, committed 147712K, reserved 1179648K
  class space    used 20229K, committed 21504K, reserved 1048576K
}
Event: 121.833 GC heap after
{Heap after GC invocations=62 (full 0):
 garbage-first heap   total 362496K, used 221184K [0x0000000080000000, 0x0000000100000000)
  region size 1024K, 17 young (17408K), 17 survivors (17408K)
 Metaspace       used 145131K, committed 147712K, reserved 1179648K
  class space    used 20229K, committed 21504K, reserved 1048576K
}
Event: 123.154 GC heap before
{Heap before GC invocations=62 (full 0):
 garbage-first heap   total 362496K, used 318464K [0x0000000080000000, 0x0000000100000000)
  region size 1024K, 113 young (115712K), 17 survivors (17408K)
 Metaspace       used 145786K, committed 148352K, reserved 1179648K
  class space    used 20313K, committed 21568K, reserved 1048576K
}
Event: 123.286 GC heap after
{Heap after GC invocations=63 (full 0):
 garbage-first heap   total 363520K, used 247808K [0x0000000080000000, 0x0000000100000000)
  region size 1024K, 15 young (15360K), 15 survivors (15360K)
 Metaspace       used 145786K, committed 148352K, reserved 1179648K
  class space    used 20313K, committed 21568K, reserved 1048576K
}
Event: 125.424 GC heap before
{Heap before GC invocations=64 (full 0):
 garbage-first heap   total 408576K, used 319488K [0x0000000080000000, 0x0000000100000000)
  region size 1024K, 87 young (89088K), 15 survivors (15360K)
 Metaspace       used 145940K, committed 148480K, reserved 1179648K
  class space    used 20320K, committed 21568K, reserved 1048576K
}
Event: 125.495 GC heap after
{Heap after GC invocations=65 (full 0):
 garbage-first heap   total 408576K, used 266240K [0x0000000080000000, 0x0000000100000000)
  region size 1024K, 11 young (11264K), 11 survivors (11264K)
 Metaspace       used 145940K, committed 148480K, reserved 1179648K
  class space    used 20320K, committed 21568K, reserved 1048576K
}
Event: 127.154 GC heap before
{Heap before GC invocations=65 (full 0):
 garbage-first heap   total 408576K, used 351232K [0x0000000080000000, 0x0000000100000000)
  region size 1024K, 95 young (97280K), 11 survivors (11264K)
 Metaspace       used 147782K, committed 150272K, reserved 1179648K
  class space    used 20512K, committed 21696K, reserved 1048576K
}
Event: 127.208 GC heap after
{Heap after GC invocations=66 (full 0):
 garbage-first heap   total 408576K, used 273920K [0x0000000080000000, 0x0000000100000000)
  region size 1024K, 11 young (11264K), 11 survivors (11264K)
 Metaspace       used 147782K, committed 150272K, reserved 1179648K
  class space    used 20512K, committed 21696K, reserved 1048576K
}
Event: 128.698 GC heap before
{Heap before GC invocations=66 (full 0):
 garbage-first heap   total 408576K, used 346624K [0x0000000080000000, 0x0000000100000000)
  region size 1024K, 84 young (86016K), 11 survivors (11264K)
 Metaspace       used 148296K, committed 150848K, reserved 1179648K
  class space    used 20561K, committed 21824K, reserved 1048576K
}

