# JRE version: OpenJDK Runtime Environment (21.0.9) (build 21.0.9+-14787801-b1163.94)
# Java VM: OpenJDK 64-Bit Server VM (21.0.9+-14787801-b1163.94, mixed mode, tiered, compressed oops, compressed class ptrs, g1 gc, windows-amd64)
GC Precious Log:
 CardTable entry size: 512
 Card Set container configuration: InlinePtr #cards 5 size 8 Array Of Cards #cards 12 size 40 Howl #buckets 4 coarsen threshold 1843 Howl Bitmap #cards 512 size 80 coarsen threshold 460 Card regions per heap region 1 cards per card region 2048
 CPUs: 4 total, 4 available
 Memory: 7656M
 Large Page Support: Disabled
 NUMA Support: Disabled
 Compressed Oops: Enabled (32-bit)
 Heap Region Size: 1M
 Heap Min Capacity: 8M
 Heap Initial Capacity: 120M
 Heap Max Capacity: 2G
 Pre-touch: Disabled
 Parallel Workers: 4
 Concurrent Workers: 1
 Concurrent Refinement Workers: 4
 Periodic GC: Disabled
Heap:
 garbage-first heap   total 392192K, used 235802K [0x0000000080000000, 0x0000000100000000)
  region size 1024K, 35 young (35840K), 21 survivors (21504K)
 Metaspace       used 238597K, committed 241344K, reserved 1310720K
  class space    used 30759K, committed 32064K, reserved 1048576K
GC Heap History (20 events):
Event: 146.802 GC heap before
{Heap before GC invocations=66 (full 0):
 garbage-first heap   total 384000K, used 343040K [0x0000000080000000, 0x0000000100000000)
  region size 1024K, 154 young (157696K), 12 survivors (12288K)
 Metaspace       used 200956K, committed 203456K, reserved 1245184K
  class space    used 26312K, committed 27520K, reserved 1048576K
}
Event: 146.861 GC heap after
{Heap after GC invocations=67 (full 0):
 garbage-first heap   total 384000K, used 181760K [0x0000000080000000, 0x0000000100000000)
  region size 1024K, 10 young (10240K), 10 survivors (10240K)
 Metaspace       used 200956K, committed 203456K, reserved 1245184K
  class space    used 26312K, committed 27520K, reserved 1048576K
}
Event: 211.629 GC heap before
{Heap before GC invocations=67 (full 0):
 garbage-first heap   total 384000K, used 350720K [0x0000000080000000, 0x0000000100000000)
  region size 1024K, 176 young (180224K), 10 survivors (10240K)
 Metaspace       used 213074K, committed 215616K, reserved 1245184K
  class space    used 27595K, committed 28800K, reserved 1048576K
}
Event: 211.682 GC heap after
{Heap after GC invocations=68 (full 0):
 garbage-first heap   total 384000K, used 188928K [0x0000000080000000, 0x0000000100000000)
  region size 1024K, 17 young (17408K), 17 survivors (17408K)
 Metaspace       used 213074K, committed 215616K, reserved 1245184K
  class space    used 27595K, committed 28800K, reserved 1048576K
}
Event: 262.982 GC heap before
{Heap before GC invocations=69 (full 0):
 garbage-first heap   total 384000K, used 349696K [0x0000000080000000, 0x0000000100000000)
  region size 1024K, 175 young (179200K), 17 survivors (17408K)
 Metaspace       used 215508K, committed 218176K, reserved 1245184K
  class space    used 27903K, committed 29184K, reserved 1048576K
}
Event: 263.265 GC heap after
{Heap after GC invocations=70 (full 0):
 garbage-first heap   total 384000K, used 195923K [0x0000000080000000, 0x0000000100000000)
  region size 1024K, 18 young (18432K), 18 survivors (18432K)
 Metaspace       used 215508K, committed 218176K, reserved 1245184K
  class space    used 27903K, committed 29184K, reserved 1048576K
}
Event: 274.032 GC heap before
{Heap before GC invocations=70 (full 0):
 garbage-first heap   total 384000K, used 352595K [0x0000000080000000, 0x0000000100000000)
  region size 1024K, 172 young (176128K), 18 survivors (18432K)
 Metaspace       used 220082K, committed 222784K, reserved 1245184K
  class space    used 28551K, committed 29824K, reserved 1048576K
}
Event: 274.612 GC heap after
{Heap after GC invocations=71 (full 0):
 garbage-first heap   total 391168K, used 206848K [0x0000000080000000, 0x0000000100000000)
  region size 1024K, 22 young (22528K), 22 survivors (22528K)
 Metaspace       used 220082K, committed 222784K, reserved 1245184K
  class space    used 28551K, committed 29824K, reserved 1048576K
}
Event: 278.556 GC heap before
{Heap before GC invocations=71 (full 0):
 garbage-first heap   total 391168K, used 324608K [0x0000000080000000, 0x0000000100000000)
  region size 1024K, 138 young (141312K), 22 survivors (22528K)
 Metaspace       used 221331K, committed 224064K, reserved 1245184K
  class space    used 28726K, committed 30016K, reserved 1048576K
}
Event: 278.692 GC heap after
{Heap after GC invocations=72 (full 0):
 garbage-first heap   total 391168K, used 209408K [0x0000000080000000, 0x0000000100000000)
  region size 1024K, 3 young (3072K), 3 survivors (3072K)
 Metaspace       used 221331K, committed 224064K, reserved 1245184K
  class space    used 28726K, committed 30016K, reserved 1048576K
}
Event: 286.833 GC heap before
{Heap before GC invocations=73 (full 0):
 garbage-first heap   total 391168K, used 360960K [0x0000000080000000, 0x0000000100000000)
  region size 1024K, 152 young (155648K), 3 survivors (3072K)
 Metaspace       used 221596K, committed 224320K, reserved 1245184K
  class space    used 28756K, committed 30080K, reserved 1048576K
}
Event: 286.874 GC heap after
{Heap after GC invocations=74 (full 0):
 garbage-first heap   total 391168K, used 209523K [0x0000000080000000, 0x0000000100000000)
  region size 1024K, 3 young (3072K), 3 survivors (3072K)
 Metaspace       used 221596K, committed 224320K, reserved 1245184K
  class space    used 28756K, committed 30080K, reserved 1048576K
}
Event: 290.506 GC heap before
{Heap before GC invocations=74 (full 0):
 garbage-first heap   total 391168K, used 366195K [0x0000000080000000, 0x0000000100000000)
  region size 1024K, 157 young (160768K), 3 survivors (3072K)
 Metaspace       used 221943K, committed 224640K, reserved 1245184K
  class space    used 28807K, committed 30080K, reserved 1048576K
}
Event: 290.546 GC heap after
{Heap after GC invocations=75 (full 0):
 garbage-first heap   total 391168K, used 205365K [0x0000000080000000, 0x0000000100000000)
  region size 1024K, 4 young (4096K), 4 survivors (4096K)
 Metaspace       used 221943K, committed 224640K, reserved 1245184K
  class space    used 28807K, committed 30080K, reserved 1048576K
}
Event: 293.180 GC heap before
{Heap before GC invocations=75 (full 0):
 garbage-first heap   total 391168K, used 373301K [0x0000000080000000, 0x0000000100000000)
  region size 1024K, 164 young (167936K), 4 survivors (4096K)
 Metaspace       used 227518K, committed 230272K, reserved 1310720K
  class space    used 29277K, committed 30592K, reserved 1048576K
}
Event: 293.246 GC heap after
{Heap after GC invocations=76 (full 0):
 garbage-first heap   total 391168K, used 209414K [0x0000000080000000, 0x0000000100000000)
  region size 1024K, 7 young (7168K), 7 survivors (7168K)
 Metaspace       used 227518K, committed 230272K, reserved 1310720K
  class space    used 29277K, committed 30592K, reserved 1048576K
}
Event: 295.301 GC heap before
{Heap before GC invocations=76 (full 0):
 garbage-first heap   total 391168K, used 369158K [0x0000000080000000, 0x0000000100000000)
  region size 1024K, 164 young (167936K), 7 survivors (7168K)
 Metaspace       used 229240K, committed 232000K, reserved 1310720K
  class space    used 29508K, committed 30848K, reserved 1048576K
}
Event: 295.327 GC heap after
{Heap after GC invocations=77 (full 0):
 garbage-first heap   total 391168K, used 208907K [0x0000000080000000, 0x0000000100000000)
  region size 1024K, 7 young (7168K), 7 survivors (7168K)
 Metaspace       used 229240K, committed 232000K, reserved 1310720K
  class space    used 29508K, committed 30848K, reserved 1048576K
}
Event: 299.913 GC heap before
{Heap before GC invocations=78 (full 0):
 garbage-first heap   total 391168K, used 368651K [0x0000000080000000, 0x0000000100000000)
  region size 1024K, 164 young (167936K), 7 survivors (7168K)
 Metaspace       used 237462K, committed 240256K, reserved 1310720K
  class space    used 30652K, committed 32000K, reserved 1048576K
}
Event: 299.986 GC heap after
{Heap after GC invocations=79 (full 0):
 garbage-first heap   total 392192K, used 223514K [0x0000000080000000, 0x0000000100000000)
  region size 1024K, 21 young (21504K), 21 survivors (21504K)
 Metaspace       used 237462K, committed 240256K, reserved 1310720K
  class space    used 30652K, committed 32000K, reserved 1048576K
}

